Warning[209] C:\USERS\ARFAXAD ZADOT\DESKTOP\MATERIAS\LENGUAJES & AUTOMATAS II\PRUEBAS\SENSORTEMPZ.X\ARCHIVO.ASM 1 : Missing quote
Error[124]   C:\USERS\ARFAXAD ZADOT\DESKTOP\MATERIAS\LENGUAJES & AUTOMATAS II\PRUEBAS\SENSORTEMPZ.X\ARCHIVO.ASM 1 : Illegal argument (expected single character)
Error[112]   C:\USERS\ARFAXAD ZADOT\DESKTOP\MATERIAS\LENGUAJES & AUTOMATAS II\PRUEBAS\SENSORTEMPZ.X\ARCHIVO.ASM 1 : Missing operator
Warning[209] C:\USERS\ARFAXAD ZADOT\DESKTOP\MATERIAS\LENGUAJES & AUTOMATAS II\PRUEBAS\SENSORTEMPZ.X\ARCHIVO.ASM 2 : Missing quote
Error[124]   C:\USERS\ARFAXAD ZADOT\DESKTOP\MATERIAS\LENGUAJES & AUTOMATAS II\PRUEBAS\SENSORTEMPZ.X\ARCHIVO.ASM 2 : Illegal argument (expected single character)
Error[112]   C:\USERS\ARFAXAD ZADOT\DESKTOP\MATERIAS\LENGUAJES & AUTOMATAS II\PRUEBAS\SENSORTEMPZ.X\ARCHIVO.ASM 2 : Missing operator
Error[122]   C:\USERS\ARFAXAD ZADOT\DESKTOP\MATERIAS\LENGUAJES & AUTOMATAS II\PRUEBAS\SENSORTEMPZ.X\ARCHIVO.ASM 5 : Illegal opcode (LCD_TYPE)
Error[122]   C:\USERS\ARFAXAD ZADOT\DESKTOP\MATERIAS\LENGUAJES & AUTOMATAS II\PRUEBAS\SENSORTEMPZ.X\ARCHIVO.ASM 6 : Illegal opcode (LCD_DTPIN)
Error[122]   C:\USERS\ARFAXAD ZADOT\DESKTOP\MATERIAS\LENGUAJES & AUTOMATAS II\PRUEBAS\SENSORTEMPZ.X\ARCHIVO.ASM 7 : Illegal opcode (LCD_RSPIN)
Error[122]   C:\USERS\ARFAXAD ZADOT\DESKTOP\MATERIAS\LENGUAJES & AUTOMATAS II\PRUEBAS\SENSORTEMPZ.X\ARCHIVO.ASM 8 : Illegal opcode (LCD_ENPIN)
Error[108]   C:\USERS\ARFAXAD ZADOT\DESKTOP\MATERIAS\LENGUAJES & AUTOMATAS II\PRUEBAS\SENSORTEMPZ.X\ARCHIVO.ASM 9 : Illegal character (2)
Warning[209] C:\USERS\ARFAXAD ZADOT\DESKTOP\MATERIAS\LENGUAJES & AUTOMATAS II\PRUEBAS\SENSORTEMPZ.X\ARCHIVO.ASM 12 : Missing quote
Error[124]   C:\USERS\ARFAXAD ZADOT\DESKTOP\MATERIAS\LENGUAJES & AUTOMATAS II\PRUEBAS\SENSORTEMPZ.X\ARCHIVO.ASM 12 : Illegal argument (expected single character)
Error[112]   C:\USERS\ARFAXAD ZADOT\DESKTOP\MATERIAS\LENGUAJES & AUTOMATAS II\PRUEBAS\SENSORTEMPZ.X\ARCHIVO.ASM 12 : Missing operator
Warning[209] C:\USERS\ARFAXAD ZADOT\DESKTOP\MATERIAS\LENGUAJES & AUTOMATAS II\PRUEBAS\SENSORTEMPZ.X\ARCHIVO.ASM 13 : Missing quote
Error[124]   C:\USERS\ARFAXAD ZADOT\DESKTOP\MATERIAS\LENGUAJES & AUTOMATAS II\PRUEBAS\SENSORTEMPZ.X\ARCHIVO.ASM 13 : Illegal argument (expected single character)
Error[112]   C:\USERS\ARFAXAD ZADOT\DESKTOP\MATERIAS\LENGUAJES & AUTOMATAS II\PRUEBAS\SENSORTEMPZ.X\ARCHIVO.ASM 13 : Missing operator
Error[128]   C:\USERS\ARFAXAD ZADOT\DESKTOP\MATERIAS\LENGUAJES & AUTOMATAS II\PRUEBAS\SENSORTEMPZ.X\ARCHIVO.ASM 14 : Missing argument(s)
Error[122]   C:\USERS\ARFAXAD ZADOT\DESKTOP\MATERIAS\LENGUAJES & AUTOMATAS II\PRUEBAS\SENSORTEMPZ.X\ARCHIVO.ASM 15 : Illegal opcode (adc)
Error[122]   C:\USERS\ARFAXAD ZADOT\DESKTOP\MATERIAS\LENGUAJES & AUTOMATAS II\PRUEBAS\SENSORTEMPZ.X\ARCHIVO.ASM 16 : Illegal opcode (resultado)
Warning[207] C:\USERS\ARFAXAD ZADOT\DESKTOP\MATERIAS\LENGUAJES & AUTOMATAS II\PRUEBAS\SENSORTEMPZ.X\ARCHIVO.ASM 18 : Found label after column 1. (Print)
Error[122]   C:\USERS\ARFAXAD ZADOT\DESKTOP\MATERIAS\LENGUAJES & AUTOMATAS II\PRUEBAS\SENSORTEMPZ.X\ARCHIVO.ASM 18 : Illegal opcode (At)
Warning[207] C:\USERS\ARFAXAD ZADOT\DESKTOP\MATERIAS\LENGUAJES & AUTOMATAS II\PRUEBAS\SENSORTEMPZ.X\ARCHIVO.ASM 19 : Found label after column 1. (Print)
Error[122]   C:\USERS\ARFAXAD ZADOT\DESKTOP\MATERIAS\LENGUAJES & AUTOMATAS II\PRUEBAS\SENSORTEMPZ.X\ARCHIVO.ASM 19 : Illegal opcode (At)
Warning[207] C:\USERS\ARFAXAD ZADOT\DESKTOP\MATERIAS\LENGUAJES & AUTOMATAS II\PRUEBAS\SENSORTEMPZ.X\ARCHIVO.ASM 20 : Found label after column 1. (DelayMS)
Error[108]   C:\USERS\ARFAXAD ZADOT\DESKTOP\MATERIAS\LENGUAJES & AUTOMATAS II\PRUEBAS\SENSORTEMPZ.X\ARCHIVO.ASM 20 : Illegal character (3)
Warning[207] C:\USERS\ARFAXAD ZADOT\DESKTOP\MATERIAS\LENGUAJES & AUTOMATAS II\PRUEBAS\SENSORTEMPZ.X\ARCHIVO.ASM 21 : Found label after column 1. (Print)
Error[122]   C:\USERS\ARFAXAD ZADOT\DESKTOP\MATERIAS\LENGUAJES & AUTOMATAS II\PRUEBAS\SENSORTEMPZ.X\ARCHIVO.ASM 21 : Illegal opcode (At)
Warning[207] C:\USERS\ARFAXAD ZADOT\DESKTOP\MATERIAS\LENGUAJES & AUTOMATAS II\PRUEBAS\SENSORTEMPZ.X\ARCHIVO.ASM 22 : Found label after column 1. (Print)
Error[122]   C:\USERS\ARFAXAD ZADOT\DESKTOP\MATERIAS\LENGUAJES & AUTOMATAS II\PRUEBAS\SENSORTEMPZ.X\ARCHIVO.ASM 22 : Illegal opcode (At)
Warning[207] C:\USERS\ARFAXAD ZADOT\DESKTOP\MATERIAS\LENGUAJES & AUTOMATAS II\PRUEBAS\SENSORTEMPZ.X\ARCHIVO.ASM 23 : Found label after column 1. (DelayMS)
Error[108]   C:\USERS\ARFAXAD ZADOT\DESKTOP\MATERIAS\LENGUAJES & AUTOMATAS II\PRUEBAS\SENSORTEMPZ.X\ARCHIVO.ASM 23 : Illegal character (5)
Warning[207] C:\USERS\ARFAXAD ZADOT\DESKTOP\MATERIAS\LENGUAJES & AUTOMATAS II\PRUEBAS\SENSORTEMPZ.X\ARCHIVO.ASM 25 : Found label after column 1. (Print)
Error[122]   C:\USERS\ARFAXAD ZADOT\DESKTOP\MATERIAS\LENGUAJES & AUTOMATAS II\PRUEBAS\SENSORTEMPZ.X\ARCHIVO.ASM 25 : Illegal opcode (At)
Warning[207] C:\USERS\ARFAXAD ZADOT\DESKTOP\MATERIAS\LENGUAJES & AUTOMATAS II\PRUEBAS\SENSORTEMPZ.X\ARCHIVO.ASM 26 : Found label after column 1. (Print)
Error[122]   C:\USERS\ARFAXAD ZADOT\DESKTOP\MATERIAS\LENGUAJES & AUTOMATAS II\PRUEBAS\SENSORTEMPZ.X\ARCHIVO.ASM 26 : Illegal opcode (At)
Warning[207] C:\USERS\ARFAXAD ZADOT\DESKTOP\MATERIAS\LENGUAJES & AUTOMATAS II\PRUEBAS\SENSORTEMPZ.X\ARCHIVO.ASM 27 : Found label after column 1. (DelayMS)
Error[108]   C:\USERS\ARFAXAD ZADOT\DESKTOP\MATERIAS\LENGUAJES & AUTOMATAS II\PRUEBAS\SENSORTEMPZ.X\ARCHIVO.ASM 27 : Illegal character (3)
Warning[207] C:\USERS\ARFAXAD ZADOT\DESKTOP\MATERIAS\LENGUAJES & AUTOMATAS II\PRUEBAS\SENSORTEMPZ.X\ARCHIVO.ASM 28 : Found label after column 1. (Print)
Error[122]   C:\USERS\ARFAXAD ZADOT\DESKTOP\MATERIAS\LENGUAJES & AUTOMATAS II\PRUEBAS\SENSORTEMPZ.X\ARCHIVO.ASM 28 : Illegal opcode (At)
Warning[207] C:\USERS\ARFAXAD ZADOT\DESKTOP\MATERIAS\LENGUAJES & AUTOMATAS II\PRUEBAS\SENSORTEMPZ.X\ARCHIVO.ASM 29 : Found label after column 1. (Print)
Error[122]   C:\USERS\ARFAXAD ZADOT\DESKTOP\MATERIAS\LENGUAJES & AUTOMATAS II\PRUEBAS\SENSORTEMPZ.X\ARCHIVO.ASM 29 : Illegal opcode (At)
Warning[207] C:\USERS\ARFAXAD ZADOT\DESKTOP\MATERIAS\LENGUAJES & AUTOMATAS II\PRUEBAS\SENSORTEMPZ.X\ARCHIVO.ASM 30 : Found label after column 1. (DelayMS)
Error[108]   C:\USERS\ARFAXAD ZADOT\DESKTOP\MATERIAS\LENGUAJES & AUTOMATAS II\PRUEBAS\SENSORTEMPZ.X\ARCHIVO.ASM 30 : Illegal character (5)
Warning[207] C:\USERS\ARFAXAD ZADOT\DESKTOP\MATERIAS\LENGUAJES & AUTOMATAS II\PRUEBAS\SENSORTEMPZ.X\ARCHIVO.ASM 32 : Found label after column 1. (inicio)
Error[150]   C:\USERS\ARFAXAD ZADOT\DESKTOP\MATERIAS\LENGUAJES & AUTOMATAS II\PRUEBAS\SENSORTEMPZ.X\ARCHIVO.ASM 32 : Labels must be defined in a code or data section when making an object file
Warning[207] C:\USERS\ARFAXAD ZADOT\DESKTOP\MATERIAS\LENGUAJES & AUTOMATAS II\PRUEBAS\SENSORTEMPZ.X\ARCHIVO.ASM 33 : Found label after column 1. (Print)
Error[122]   C:\USERS\ARFAXAD ZADOT\DESKTOP\MATERIAS\LENGUAJES & AUTOMATAS II\PRUEBAS\SENSORTEMPZ.X\ARCHIVO.ASM 33 : Illegal opcode (At)
Warning[207] C:\USERS\ARFAXAD ZADOT\DESKTOP\MATERIAS\LENGUAJES & AUTOMATAS II\PRUEBAS\SENSORTEMPZ.X\ARCHIVO.ASM 34 : Found label after column 1. (Print)
Error[122]   C:\USERS\ARFAXAD ZADOT\DESKTOP\MATERIAS\LENGUAJES & AUTOMATAS II\PRUEBAS\SENSORTEMPZ.X\ARCHIVO.ASM 34 : Illegal opcode (At)
Warning[207] C:\USERS\ARFAXAD ZADOT\DESKTOP\MATERIAS\LENGUAJES & AUTOMATAS II\PRUEBAS\SENSORTEMPZ.X\ARCHIVO.ASM 35 : Found label after column 1. (adc)
Error[113]   C:\USERS\ARFAXAD ZADOT\DESKTOP\MATERIAS\LENGUAJES & AUTOMATAS II\PRUEBAS\SENSORTEMPZ.X\ARCHIVO.ASM 35 : Symbol not previously defined (ADIn)
Error[112]   C:\USERS\ARFAXAD ZADOT\DESKTOP\MATERIAS\LENGUAJES & AUTOMATAS II\PRUEBAS\SENSORTEMPZ.X\ARCHIVO.ASM 35 : Missing operator
Warning[207] C:\USERS\ARFAXAD ZADOT\DESKTOP\MATERIAS\LENGUAJES & AUTOMATAS II\PRUEBAS\SENSORTEMPZ.X\ARCHIVO.ASM 36 : Found label after column 1. (resultado)
Warning[209] C:\USERS\ARFAXAD ZADOT\DESKTOP\MATERIAS\LENGUAJES & AUTOMATAS II\PRUEBAS\SENSORTEMPZ.X\ARCHIVO.ASM 36 : Missing quote
Error[124]   C:\USERS\ARFAXAD ZADOT\DESKTOP\MATERIAS\LENGUAJES & AUTOMATAS II\PRUEBAS\SENSORTEMPZ.X\ARCHIVO.ASM 36 : Illegal argument (expected single character)
Error[112]   C:\USERS\ARFAXAD ZADOT\DESKTOP\MATERIAS\LENGUAJES & AUTOMATAS II\PRUEBAS\SENSORTEMPZ.X\ARCHIVO.ASM 36 : Missing operator
Warning[207] C:\USERS\ARFAXAD ZADOT\DESKTOP\MATERIAS\LENGUAJES & AUTOMATAS II\PRUEBAS\SENSORTEMPZ.X\ARCHIVO.ASM 37 : Found label after column 1. (Print)
Error[122]   C:\USERS\ARFAXAD ZADOT\DESKTOP\MATERIAS\LENGUAJES & AUTOMATAS II\PRUEBAS\SENSORTEMPZ.X\ARCHIVO.ASM 37 : Illegal opcode (At)
Warning[207] C:\USERS\ARFAXAD ZADOT\DESKTOP\MATERIAS\LENGUAJES & AUTOMATAS II\PRUEBAS\SENSORTEMPZ.X\ARCHIVO.ASM 38 : Found label after column 1. (Print)
Error[122]   C:\USERS\ARFAXAD ZADOT\DESKTOP\MATERIAS\LENGUAJES & AUTOMATAS II\PRUEBAS\SENSORTEMPZ.X\ARCHIVO.ASM 38 : Illegal opcode (At)
Error[151]   C:\USERS\ARFAXAD ZADOT\DESKTOP\MATERIAS\LENGUAJES & AUTOMATAS II\PRUEBAS\SENSORTEMPZ.X\ARCHIVO.ASM 41 : Operand contains unresolvable labels or is too complex
Error[152]   C:\USERS\ARFAXAD ZADOT\DESKTOP\MATERIAS\LENGUAJES & AUTOMATAS II\PRUEBAS\SENSORTEMPZ.X\ARCHIVO.ASM 41 : Executable code and data must be defined in an appropriate section
