MPASM  5.31                     PRACTICA2.ASM   11-12-2018  8:55:58         PAGE  1


LOC  OBJECT CODE     LINE SOURCE TEXT
  VALUE

Warning[205]: Found directive in column 1. (__CONFIG)
2007   3FF1           00001 __CONFIG _CP_OFF & _WDT_OFF & _PWRTE_ON & _XT_OSC
Warning[205]: Found directive in column 1. (LIST)
                      00002 LIST P=16F84A
Warning[205]: Found directive in column 1. (INCLUDE)
                      00003 INCLUDE <P16F84A.INC>
                      00001         LIST
                      00002 ; P16F84A.INC  Standard Header File, Version 2.00    Microchip Technology, Inc.
                      00134         LIST
                      00004 
                      00005 
Warning[205]: Found directive in column 1. (ORG)
0000                  00006 ORG 0
Warning[203]: Found opcode in column 1. (BSF)
0000   1683           00007 BSF STATUS, RP0
Warning[203]: Found opcode in column 1. (MOVLW)
0001   3006           00008 MOVLW b'00000110'
Warning[203]: Found opcode in column 1. (MOVWF)
Message[302]: Register in operand not in bank 0.  Ensure that bank bits are correct.
0002   0085           00009 MOVWF TRISA
Warning[203]: Found opcode in column 1. (CLRF)
Message[302]: Register in operand not in bank 0.  Ensure that bank bits are correct.
0003   0186           00010 CLRF TRISB
                      00011 
Warning[203]: Found opcode in column 1. (BCF)
0004   1283           00012 BCF STATUS, RP0
                      00013 
0005                  00014 PRINCIPAL
                      00015 
Warning[203]: Found opcode in column 1. (MOVLW)
0005   30FF           00016 MOVLW b'11111111'
Warning[203]: Found opcode in column 1. (MOVWF)
0006   0086           00017 MOVWF PORTB
                      00018 
0007                  00019 PRIMERA
Warning[203]: Found opcode in column 1. (BTFSS)
0007   1C85           00020 BTFSS PORTA, 1 ;Es el Pin 18
Warning[203]: Found opcode in column 1. (GOTO)
0008   280D           00021 GOTO AC1
Warning[203]: Found opcode in column 1. (GOTO)
0009   280A           00022 GOTO SEGUNDA
                      00023 
000A                  00024 SEGUNDA
Warning[203]: Found opcode in column 1. (BTFSC)
000A   1905           00025 BTFSC PORTA, 2 ;Es el Pin 1
Warning[203]: Found opcode in column 1. (GOTO)
000B   2810           00026 GOTO AC2
Warning[203]: Found opcode in column 1. (GOTO)
000C   2807           00027 GOTO PRIMERA
                      00028 
                      00029 
000D                  00030 AC1
Warning[203]: Found opcode in column 1. (MOVLW)
MPASM  5.31                     PRACTICA2.ASM   11-12-2018  8:55:58         PAGE  2


LOC  OBJECT CODE     LINE SOURCE TEXT
  VALUE

000D   300F           00031 MOVLW b'00001111'
Warning[203]: Found opcode in column 1. (MOVWF)
000E   0086           00032 MOVWF PORTB
Warning[203]: Found opcode in column 1. (GOTO)
000F   280A           00033 GOTO SEGUNDA
                      00034 
0010                  00035 AC2 
Warning[203]: Found opcode in column 1. (MOVLW)
0010   30F0           00036 MOVLW b'11110000'
Warning[203]: Found opcode in column 1. (MOVWF)
0011   0086           00037 MOVWF PORTB
Warning[203]: Found opcode in column 1. (GOTO)
0012   2807           00038 GOTO PRIMERA
                      00039 
Warning[205]: Found directive in column 1. (END)
                      00040 END
MPASM  5.31                     PRACTICA2.ASM   11-12-2018  8:55:58         PAGE  3


SYMBOL TABLE
  LABEL                             VALUE 

AC1                               0000000D
AC2                               00000010
C                                 00000000
DC                                00000001
EEADR                             00000009
EECON1                            00000088
EECON2                            00000089
EEDATA                            00000008
EEIE                              00000006
EEIF                              00000004
F                                 00000001
FSR                               00000004
GIE                               00000007
INDF                              00000000
INTCON                            0000000B
INTE                              00000004
INTEDG                            00000006
INTF                              00000001
IRP                               00000007
NOT_PD                            00000003
NOT_RBPU                          00000007
NOT_TO                            00000004
OPTION_REG                        00000081
PCL                               00000002
PCLATH                            0000000A
PORTA                             00000005
PORTB                             00000006
PRIMERA                           00000007
PRINCIPAL                         00000005
PS0                               00000000
PS1                               00000001
PS2                               00000002
PSA                               00000003
RBIE                              00000003
RBIF                              00000000
RD                                00000000
RP0                               00000005
RP1                               00000006
SEGUNDA                           0000000A
STATUS                            00000003
T0CS                              00000005
T0IE                              00000005
T0IF                              00000002
T0SE                              00000004
TMR0                              00000001
TRISA                             00000085
TRISB                             00000086
W                                 00000000
WR                                00000001
WREN                              00000002
WRERR                             00000003
Z                                 00000002
_CP_OFF                           00003FFF
MPASM  5.31                     PRACTICA2.ASM   11-12-2018  8:55:58         PAGE  4


SYMBOL TABLE
  LABEL                             VALUE 

_CP_ON                            0000000F
_HS_OSC                           00003FFE
_LP_OSC                           00003FFC
_PWRTE_OFF                        00003FFF
_PWRTE_ON                         00003FF7
_RC_OSC                           00003FFF
_WDT_OFF                          00003FFB
_WDT_ON                           00003FFF
_XT_OSC                           00003FFD
__16F84A                          00000001
__DEBUG                           1


MEMORY USAGE MAP ('X' = Used,  '-' = Unused)

0000 : XXXXXXXXXXXXXXXX XXX------------- ---------------- ----------------
2000 : -------X-------- ---------------- ---------------- ----------------

All other memory blocks unused.

Program Memory Words Used:    19
Program Memory Words Free:  1005


Errors   :     0
Warnings :    24 reported,     0 suppressed
Messages :     2 reported,     0 suppressed

