Warning[205] C:\USERS\BRANDON GARCIA G\DESKTOP\NUEVA CARPETA\PRACTICA2.ASM 1 : Found directive in column 1. (__CONFIG)
Warning[205] C:\USERS\BRANDON GARCIA G\DESKTOP\NUEVA CARPETA\PRACTICA2.ASM 2 : Found directive in column 1. (LIST)
Warning[205] C:\USERS\BRANDON GARCIA G\DESKTOP\NUEVA CARPETA\PRACTICA2.ASM 3 : Found directive in column 1. (INCLUDE)
Warning[205] C:\USERS\BRANDON GARCIA G\DESKTOP\NUEVA CARPETA\PRACTICA2.ASM 6 : Found directive in column 1. (ORG)
Warning[203] C:\USERS\BRANDON GARCIA G\DESKTOP\NUEVA CARPETA\PRACTICA2.ASM 7 : Found opcode in column 1. (BSF)
Warning[203] C:\USERS\BRANDON GARCIA G\DESKTOP\NUEVA CARPETA\PRACTICA2.ASM 8 : Found opcode in column 1. (MOVLW)
Warning[203] C:\USERS\BRANDON GARCIA G\DESKTOP\NUEVA CARPETA\PRACTICA2.ASM 9 : Found opcode in column 1. (MOVWF)
Message[302] C:\USERS\BRANDON GARCIA G\DESKTOP\NUEVA CARPETA\PRACTICA2.ASM 9 : Register in operand not in bank 0.  Ensure that bank bits are correct.
Warning[203] C:\USERS\BRANDON GARCIA G\DESKTOP\NUEVA CARPETA\PRACTICA2.ASM 10 : Found opcode in column 1. (CLRF)
Message[302] C:\USERS\BRANDON GARCIA G\DESKTOP\NUEVA CARPETA\PRACTICA2.ASM 10 : Register in operand not in bank 0.  Ensure that bank bits are correct.
Warning[203] C:\USERS\BRANDON GARCIA G\DESKTOP\NUEVA CARPETA\PRACTICA2.ASM 12 : Found opcode in column 1. (BCF)
Warning[203] C:\USERS\BRANDON GARCIA G\DESKTOP\NUEVA CARPETA\PRACTICA2.ASM 16 : Found opcode in column 1. (MOVLW)
Warning[203] C:\USERS\BRANDON GARCIA G\DESKTOP\NUEVA CARPETA\PRACTICA2.ASM 17 : Found opcode in column 1. (MOVWF)
Warning[203] C:\USERS\BRANDON GARCIA G\DESKTOP\NUEVA CARPETA\PRACTICA2.ASM 20 : Found opcode in column 1. (BTFSS)
Warning[203] C:\USERS\BRANDON GARCIA G\DESKTOP\NUEVA CARPETA\PRACTICA2.ASM 21 : Found opcode in column 1. (GOTO)
Warning[203] C:\USERS\BRANDON GARCIA G\DESKTOP\NUEVA CARPETA\PRACTICA2.ASM 22 : Found opcode in column 1. (GOTO)
Warning[203] C:\USERS\BRANDON GARCIA G\DESKTOP\NUEVA CARPETA\PRACTICA2.ASM 25 : Found opcode in column 1. (BTFSC)
Warning[203] C:\USERS\BRANDON GARCIA G\DESKTOP\NUEVA CARPETA\PRACTICA2.ASM 26 : Found opcode in column 1. (GOTO)
Warning[203] C:\USERS\BRANDON GARCIA G\DESKTOP\NUEVA CARPETA\PRACTICA2.ASM 27 : Found opcode in column 1. (GOTO)
Warning[203] C:\USERS\BRANDON GARCIA G\DESKTOP\NUEVA CARPETA\PRACTICA2.ASM 31 : Found opcode in column 1. (MOVLW)
Warning[203] C:\USERS\BRANDON GARCIA G\DESKTOP\NUEVA CARPETA\PRACTICA2.ASM 32 : Found opcode in column 1. (MOVWF)
Warning[203] C:\USERS\BRANDON GARCIA G\DESKTOP\NUEVA CARPETA\PRACTICA2.ASM 33 : Found opcode in column 1. (GOTO)
Warning[203] C:\USERS\BRANDON GARCIA G\DESKTOP\NUEVA CARPETA\PRACTICA2.ASM 36 : Found opcode in column 1. (MOVLW)
Warning[203] C:\USERS\BRANDON GARCIA G\DESKTOP\NUEVA CARPETA\PRACTICA2.ASM 37 : Found opcode in column 1. (MOVWF)
Warning[203] C:\USERS\BRANDON GARCIA G\DESKTOP\NUEVA CARPETA\PRACTICA2.ASM 38 : Found opcode in column 1. (GOTO)
Warning[205] C:\USERS\BRANDON GARCIA G\DESKTOP\NUEVA CARPETA\PRACTICA2.ASM 40 : Found directive in column 1. (END)
