MPASM  5.20                    PRACTICA 1.ASM   9-24-2018  8:28:04         PAGE  1


LOC  OBJECT CODE     LINE SOURCE TEXT
  VALUE

Warning[205]: Found directive in column 1. (__CONFIG)
2007   3FF1           00001 __CONFIG _CP_OFF & _WDT_OFF & _PWRTE_ON & _XT_OSC
Warning[205]: Found directive in column 1. (LIST)
                      00002 LIST P=16F84A
Warning[205]: Found directive in column 1. (INCLUDE)
                      00003 INCLUDE <P16F84A.INC>
                      00001         LIST
                      00002 ; P16F84A.INC  Standard Header File, Version 2.00    Microchip Technology, Inc.
                      00134         LIST
                      00004 
                      00005 
                      00006 
Warning[205]: Found directive in column 1. (ORG)
0000                  00007 ORG 0 ;
0000                  00008 INICIO 
Warning[203]: Found opcode in column 1. (BSF)
0000   1683           00009 BSF STATUS, RP0
Warning[203]: Found opcode in column 1. (MOVLW)
0001   3000           00010 MOVLW b'00000000'
Warning[203]: Found opcode in column 1. (MOVWF)
Message[302]: Register in operand not in bank 0.  Ensure that bank bits are correct.
0002   0085           00011 MOVWF TRISA
Warning[203]: Found opcode in column 1. (MOVWF)
Message[302]: Register in operand not in bank 0.  Ensure that bank bits are correct.
0003   0086           00012 MOVWF TRISB
Warning[203]: Found opcode in column 1. (BCF)
0004   1283           00013 BCF STATUS, RP0
                      00014 
0005                  00015 PRINCIPAL
Warning[203]: Found opcode in column 1. (MOVLW)
0005   3002           00016 MOVLW B'00000010'
Warning[203]: Found opcode in column 1. (MOVWF)
0006   0085           00017 MOVWF PORTA
Warning[203]: Found opcode in column 1. (MOVWF)
0007   0086           00018 MOVWF PORTB
Warning[205]: Found directive in column 1. (END)
                      00019 END 
MPASM  5.20                    PRACTICA 1.ASM   9-24-2018  8:28:04         PAGE  2


SYMBOL TABLE
  LABEL                             VALUE 

C                                 00000000
DC                                00000001
EEADR                             00000009
EECON1                            00000088
EECON2                            00000089
EEDATA                            00000008
EEIE                              00000006
EEIF                              00000004
F                                 00000001
FSR                               00000004
GIE                               00000007
INDF                              00000000
INICIO                            00000000
INTCON                            0000000B
INTE                              00000004
INTEDG                            00000006
INTF                              00000001
IRP                               00000007
NOT_PD                            00000003
NOT_RBPU                          00000007
NOT_TO                            00000004
OPTION_REG                        00000081
PCL                               00000002
PCLATH                            0000000A
PORTA                             00000005
PORTB                             00000006
PRINCIPAL                         00000005
PS0                               00000000
PS1                               00000001
PS2                               00000002
PSA                               00000003
RBIE                              00000003
RBIF                              00000000
RD                                00000000
RP0                               00000005
RP1                               00000006
STATUS                            00000003
T0CS                              00000005
T0IE                              00000005
T0IF                              00000002
T0SE                              00000004
TMR0                              00000001
TRISA                             00000085
TRISB                             00000086
W                                 00000000
WR                                00000001
WREN                              00000002
WRERR                             00000003
Z                                 00000002
_CP_OFF                           00003FFF
_CP_ON                            0000000F
_HS_OSC                           00003FFE
_LP_OSC                           00003FFC
MPASM  5.20                    PRACTICA 1.ASM   9-24-2018  8:28:04         PAGE  3


SYMBOL TABLE
  LABEL                             VALUE 

_PWRTE_OFF                        00003FFF
_PWRTE_ON                         00003FF7
_RC_OSC                           00003FFF
_WDT_OFF                          00003FFB
_WDT_ON                           00003FFF
_XT_OSC                           00003FFD
__16F84A                          00000001
__DEBUG                           1


MEMORY USAGE MAP ('X' = Used,  '-' = Unused)

0000 : XXXXXXXX-------- ---------------- ---------------- ----------------
2000 : -------X-------- ---------------- ---------------- ----------------

All other memory blocks unused.

Program Memory Words Used:     8
Program Memory Words Free:  1016


Errors   :     0
Warnings :    13 reported,     0 suppressed
Messages :     2 reported,     0 suppressed

