Warning[205] C:\USERS\BRANDONGARCIA\DESKTOP\DISPLAYABCDEF\DISPLAY7.ASM 1 : Found directive in column 1. (__CONFIG)
Warning[205] C:\USERS\BRANDONGARCIA\DESKTOP\DISPLAYABCDEF\DISPLAY7.ASM 2 : Found directive in column 1. (LIST)
Warning[205] C:\USERS\BRANDONGARCIA\DESKTOP\DISPLAYABCDEF\DISPLAY7.ASM 3 : Found directive in column 1. (INCLUDE)
Message[301] C:\PROGRAM FILES (X86)\MICROCHIP\MPASM SUITE\P16F84.INC 37 : MESSAGE: (Processor-header file mismatch.  Verify selected processor.)
Warning[205] C:\USERS\BRANDONGARCIA\DESKTOP\DISPLAYABCDEF\DISPLAY7.ASM 5 : Found directive in column 1. (ORG)
Warning[203] C:\USERS\BRANDONGARCIA\DESKTOP\DISPLAYABCDEF\DISPLAY7.ASM 7 : Found opcode in column 1. (BSF)
Warning[203] C:\USERS\BRANDONGARCIA\DESKTOP\DISPLAYABCDEF\DISPLAY7.ASM 8 : Found opcode in column 1. (CLRF)
Warning[203] C:\USERS\BRANDONGARCIA\DESKTOP\DISPLAYABCDEF\DISPLAY7.ASM 9 : Found opcode in column 1. (MOVLW)
Warning[203] C:\USERS\BRANDONGARCIA\DESKTOP\DISPLAYABCDEF\DISPLAY7.ASM 10 : Found opcode in column 1. (MOVWF)
Warning[203] C:\USERS\BRANDONGARCIA\DESKTOP\DISPLAYABCDEF\DISPLAY7.ASM 11 : Found opcode in column 1. (BCF)
Warning[203] C:\USERS\BRANDONGARCIA\DESKTOP\DISPLAYABCDEF\DISPLAY7.ASM 13 : Found opcode in column 1. (MOVF)
Warning[203] C:\USERS\BRANDONGARCIA\DESKTOP\DISPLAYABCDEF\DISPLAY7.ASM 14 : Found opcode in column 1. (ANDLW)
Warning[203] C:\USERS\BRANDONGARCIA\DESKTOP\DISPLAYABCDEF\DISPLAY7.ASM 15 : Found opcode in column 1. (CALL)
Warning[203] C:\USERS\BRANDONGARCIA\DESKTOP\DISPLAYABCDEF\DISPLAY7.ASM 16 : Found opcode in column 1. (MOVWF)
Warning[203] C:\USERS\BRANDONGARCIA\DESKTOP\DISPLAYABCDEF\DISPLAY7.ASM 17 : Found opcode in column 1. (GOTO)
Warning[203] C:\USERS\BRANDONGARCIA\DESKTOP\DISPLAYABCDEF\DISPLAY7.ASM 19 : Found opcode in column 1. (ADDWF)
Warning[203] C:\USERS\BRANDONGARCIA\DESKTOP\DISPLAYABCDEF\DISPLAY7.ASM 21 : Found opcode in column 1. (RETLW)
Warning[203] C:\USERS\BRANDONGARCIA\DESKTOP\DISPLAYABCDEF\DISPLAY7.ASM 22 : Found opcode in column 1. (RETLW)
Warning[203] C:\USERS\BRANDONGARCIA\DESKTOP\DISPLAYABCDEF\DISPLAY7.ASM 23 : Found opcode in column 1. (RETLW)
Warning[203] C:\USERS\BRANDONGARCIA\DESKTOP\DISPLAYABCDEF\DISPLAY7.ASM 24 : Found opcode in column 1. (RETLW)
Warning[203] C:\USERS\BRANDONGARCIA\DESKTOP\DISPLAYABCDEF\DISPLAY7.ASM 25 : Found opcode in column 1. (RETLW)
Warning[203] C:\USERS\BRANDONGARCIA\DESKTOP\DISPLAYABCDEF\DISPLAY7.ASM 26 : Found opcode in column 1. (RETLW)
Warning[203] C:\USERS\BRANDONGARCIA\DESKTOP\DISPLAYABCDEF\DISPLAY7.ASM 27 : Found opcode in column 1. (RETLW)
Warning[203] C:\USERS\BRANDONGARCIA\DESKTOP\DISPLAYABCDEF\DISPLAY7.ASM 28 : Found opcode in column 1. (RETLW)
Warning[203] C:\USERS\BRANDONGARCIA\DESKTOP\DISPLAYABCDEF\DISPLAY7.ASM 29 : Found opcode in column 1. (RETLW)
Warning[203] C:\USERS\BRANDONGARCIA\DESKTOP\DISPLAYABCDEF\DISPLAY7.ASM 30 : Found opcode in column 1. (RETLW)
Warning[203] C:\USERS\BRANDONGARCIA\DESKTOP\DISPLAYABCDEF\DISPLAY7.ASM 31 : Found opcode in column 1. (RETLW)
Warning[203] C:\USERS\BRANDONGARCIA\DESKTOP\DISPLAYABCDEF\DISPLAY7.ASM 32 : Found opcode in column 1. (RETLW)
Warning[203] C:\USERS\BRANDONGARCIA\DESKTOP\DISPLAYABCDEF\DISPLAY7.ASM 33 : Found opcode in column 1. (RETLW)
Warning[203] C:\USERS\BRANDONGARCIA\DESKTOP\DISPLAYABCDEF\DISPLAY7.ASM 34 : Found opcode in column 1. (RETLW)
Warning[203] C:\USERS\BRANDONGARCIA\DESKTOP\DISPLAYABCDEF\DISPLAY7.ASM 35 : Found opcode in column 1. (RETLW)
Warning[203] C:\USERS\BRANDONGARCIA\DESKTOP\DISPLAYABCDEF\DISPLAY7.ASM 36 : Found opcode in column 1. (RETLW)
Warning[205] C:\USERS\BRANDONGARCIA\DESKTOP\DISPLAYABCDEF\DISPLAY7.ASM 38 : Found directive in column 1. (END)
